<?xml version="1.0" encoding="UTF-8"?>
<!-- Generated by org.testng.reporters.JUnitXMLReporter -->
<<<<<<< HEAD
<testsuite hostname="hms-PCdin" name="Test" tests="1" failures="0" timestamp="22 Sep 2017 14:04:41 GMT" time="77.532" errors="0">
  <testcase name="@BeforeMethod fn_Login" time="0.0" classname="com.hotelogix.languageSmoke.test.Frontdesk.FrontdeskTest_PT">
    <failure type="org.openqa.selenium.NoSuchElementException" message="Unable to locate element: {&amp;quot;method&amp;quot;:&amp;quot;xpath&amp;quot;,&amp;quot;selector&amp;quot;:&amp;quot;//a[@class=&amp;apos;upgrade-btn trial&amp;apos;]&amp;quot;}
Command duration or timeout: 50.08 seconds
For documentation on this error, please visit: http://seleniumhq.org/exceptions/no_such_element.html
Build info: version: &amp;apos;2.53.0&amp;apos;, revision: &amp;apos;35ae25b1534ae328c771e0856c93e187490ca824&amp;apos;, time: &amp;apos;2016-03-15 10:43:46&amp;apos;
System info: host: &amp;apos;hms-PCdin&amp;apos;, ip: &amp;apos;192.168.2.113&amp;apos;, os.name: &amp;apos;Windows 8.1&amp;apos;, os.arch: &amp;apos;x86&amp;apos;, os.version: &amp;apos;6.3&amp;apos;, java.version: &amp;apos;1.8.0_45&amp;apos;
Driver info: org.openqa.selenium.firefox.FirefoxDriver
Capabilities [{applicationCacheEnabled=true, rotatable=false, handlesAlerts=true, databaseEnabled=true, version=45.0.1, platform=WINDOWS, nativeEvents=false, acceptSslCerts=true, webStorageEnabled=true, locationContextEnabled=true, browserName=firefox, takesScreenshot=true, javascriptEnabled=true, cssSelectorsEnabled=true}]
Session ID: 4c91b978-b18d-4911-a7f1-ac93dcc1a86f
*** Element info: {Using=xpath, value=//a[@class=&amp;apos;upgrade-btn trial&amp;apos;]}">
      <![CDATA[org.openqa.selenium.NoSuchElementException: Unable to locate element: {"method":"xpath","selector":"//a[@class='upgrade-btn trial']"}
Command duration or timeout: 50.08 seconds
For documentation on this error, please visit: http://seleniumhq.org/exceptions/no_such_element.html
Build info: version: '2.53.0', revision: '35ae25b1534ae328c771e0856c93e187490ca824', time: '2016-03-15 10:43:46'
System info: host: 'hms-PCdin', ip: '192.168.2.113', os.name: 'Windows 8.1', os.arch: 'x86', os.version: '6.3', java.version: '1.8.0_45'
Driver info: org.openqa.selenium.firefox.FirefoxDriver
Capabilities [{applicationCacheEnabled=true, rotatable=false, handlesAlerts=true, databaseEnabled=true, version=45.0.1, platform=WINDOWS, nativeEvents=false, acceptSslCerts=true, webStorageEnabled=true, locationContextEnabled=true, browserName=firefox, takesScreenshot=true, javascriptEnabled=true, cssSelectorsEnabled=true}]
Session ID: 4c91b978-b18d-4911-a7f1-ac93dcc1a86f
*** Element info: {Using=xpath, value=//a[@class='upgrade-btn trial']}
=======
<testsuite hostname="hms-update4" name="Test" tests="8" failures="1" timestamp="21 Sep 2017 05:10:19 GMT" time="583.446" errors="0">
  <testcase name="fn_verifyAdmineConsoleSuccessfulLogin" time="0.49" classname="com.hotelogix.languageSmoke.test.Admin.AdminTest_PT"/>
  <testcase name="fn_verifyAdditionOfAmenity" time="17.761" classname="com.hotelogix.languageSmoke.test.Admin.AdminTest_PT"/>
  <testcase name="fn_verifyAdditionOfRoom" time="12.809" classname="com.hotelogix.languageSmoke.test.Admin.AdminTest_PT"/>
  <testcase name="fn_verifySaveAndDuplicateRoomBtn" time="13.039" classname="com.hotelogix.languageSmoke.test.Admin.AdminTest_PT"/>
  <testcase name="fn_verifyRoomTaxSelectionInRoomType" time="46.297" classname="com.hotelogix.languageSmoke.test.Admin.AdminTest_PT"/>
  <testcase name="fn_verifyAdditionOfAddOns" time="41.441" classname="com.hotelogix.languageSmoke.test.Admin.AdminTest_PT"/>
  <testcase name="fn_verifyAddAPackageWithInclusion" time="120.56" classname="com.hotelogix.languageSmoke.test.Admin.AdminTest_PT">
    <failure type="org.openqa.selenium.NoSuchElementException" message="Unable to locate element: {&amp;quot;method&amp;quot;:&amp;quot;xpath&amp;quot;,&amp;quot;selector&amp;quot;:&amp;quot;//a[text()=&amp;apos;Consola&amp;apos;]&amp;quot;}
Command duration or timeout: 50.03 seconds
For documentation on this error, please visit: http://seleniumhq.org/exceptions/no_such_element.html
Build info: version: &amp;apos;2.53.0&amp;apos;, revision: &amp;apos;35ae25b1534ae328c771e0856c93e187490ca824&amp;apos;, time: &amp;apos;2016-03-15 10:43:46&amp;apos;
System info: host: &amp;apos;hms-update4&amp;apos;, ip: &amp;apos;192.168.2.115&amp;apos;, os.name: &amp;apos;Windows 7&amp;apos;, os.arch: &amp;apos;x86&amp;apos;, os.version: &amp;apos;6.1&amp;apos;, java.version: &amp;apos;1.8.0_65&amp;apos;
Driver info: org.openqa.selenium.firefox.FirefoxDriver
Capabilities [{applicationCacheEnabled=true, rotatable=false, handlesAlerts=true, databaseEnabled=true, version=40.0.3, platform=WINDOWS, nativeEvents=false, acceptSslCerts=true, webStorageEnabled=true, locationContextEnabled=true, browserName=firefox, takesScreenshot=true, javascriptEnabled=true, cssSelectorsEnabled=true}]
Session ID: f3693efd-70fc-4b7a-8ffe-27e2f0ee619d
*** Element info: {Using=xpath, value=//a[text()=&amp;apos;Consola&amp;apos;]}">
      <![CDATA[org.openqa.selenium.NoSuchElementException: Unable to locate element: {"method":"xpath","selector":"//a[text()='Consola']"}
Command duration or timeout: 50.03 seconds
For documentation on this error, please visit: http://seleniumhq.org/exceptions/no_such_element.html
Build info: version: '2.53.0', revision: '35ae25b1534ae328c771e0856c93e187490ca824', time: '2016-03-15 10:43:46'
System info: host: 'hms-update4', ip: '192.168.2.115', os.name: 'Windows 7', os.arch: 'x86', os.version: '6.1', java.version: '1.8.0_65'
Driver info: org.openqa.selenium.firefox.FirefoxDriver
Capabilities [{applicationCacheEnabled=true, rotatable=false, handlesAlerts=true, databaseEnabled=true, version=40.0.3, platform=WINDOWS, nativeEvents=false, acceptSslCerts=true, webStorageEnabled=true, locationContextEnabled=true, browserName=firefox, takesScreenshot=true, javascriptEnabled=true, cssSelectorsEnabled=true}]
Session ID: f3693efd-70fc-4b7a-8ffe-27e2f0ee619d
*** Element info: {Using=xpath, value=//a[text()='Consola']}
>>>>>>> 50adc97ae60f17ffaaa8043c1044caf41d0dd6ba
	at sun.reflect.NativeConstructorAccessorImpl.newInstance0(Native Method)
	at sun.reflect.NativeConstructorAccessorImpl.newInstance(Unknown Source)
	at sun.reflect.DelegatingConstructorAccessorImpl.newInstance(Unknown Source)
	at java.lang.reflect.Constructor.newInstance(Unknown Source)
	at org.openqa.selenium.remote.ErrorHandler.createThrowable(ErrorHandler.java:206)
	at org.openqa.selenium.remote.ErrorHandler.throwIfResponseFailed(ErrorHandler.java:158)
	at org.openqa.selenium.remote.RemoteWebDriver.execute(RemoteWebDriver.java:678)
	at org.openqa.selenium.remote.RemoteWebDriver.findElement(RemoteWebDriver.java:363)
	at org.openqa.selenium.remote.RemoteWebDriver.findElementByXPath(RemoteWebDriver.java:500)
	at org.openqa.selenium.By$ByXPath.findElement(By.java:361)
	at org.openqa.selenium.remote.RemoteWebDriver.findElement(RemoteWebDriver.java:355)
<<<<<<< HEAD
	at com.hotelogix.languageSmoke.admin.GenericClass.GenericMethods.getWebElement(GenericMethods.java:286)
	at com.hotelogix.languageSmoke.Frontdesk.ContinueTrialPage.fn_CountinueWithTrail(ContinueTrialPage.java:19)
	at com.hotelogix.languageSmoke.test.Frontdesk.FrontdeskTest_PT.fn_Login(FrontdeskTest_PT.java:65)
=======
	at com.hotelogix.languageSmoke.admin.GenericClass.GenericMethods.getWebElement(GenericMethods.java:276)
	at com.hotelogix.languageSmoke.PriceManager.CorporatePackages.ListOfRegisteredCorporates.fn_chkCorporate(ListOfRegisteredCorporates.java:16)
	at com.hotelogix.languageSmoke.test.Admin.AdminTest_PT.fn_verifyAddAPackageWithInclusion(AdminTest_PT.java:285)
>>>>>>> 50adc97ae60f17ffaaa8043c1044caf41d0dd6ba
	at sun.reflect.NativeMethodAccessorImpl.invoke0(Native Method)
	at sun.reflect.NativeMethodAccessorImpl.invoke(Unknown Source)
	at sun.reflect.DelegatingMethodAccessorImpl.invoke(Unknown Source)
	at java.lang.reflect.Method.invoke(Unknown Source)
	at org.testng.internal.MethodInvocationHelper.invokeMethod(MethodInvocationHelper.java:84)
<<<<<<< HEAD
	at org.testng.internal.Invoker.invokeConfigurationMethod(Invoker.java:564)
	at org.testng.internal.Invoker.invokeConfigurations(Invoker.java:213)
	at org.testng.internal.Invoker.invokeMethod(Invoker.java:653)
=======
	at org.testng.internal.Invoker.invokeMethod(Invoker.java:714)
>>>>>>> 50adc97ae60f17ffaaa8043c1044caf41d0dd6ba
	at org.testng.internal.Invoker.invokeTestMethod(Invoker.java:901)
	at org.testng.internal.Invoker.invokeTestMethods(Invoker.java:1231)
	at org.testng.internal.TestMethodWorker.invokeTestMethods(TestMethodWorker.java:127)
	at org.testng.internal.TestMethodWorker.run(TestMethodWorker.java:111)
	at org.testng.TestRunner.privateRun(TestRunner.java:767)
	at org.testng.TestRunner.run(TestRunner.java:617)
	at org.testng.SuiteRunner.runTest(SuiteRunner.java:348)
	at org.testng.SuiteRunner.runSequentially(SuiteRunner.java:343)
	at org.testng.SuiteRunner.privateRun(SuiteRunner.java:305)
	at org.testng.SuiteRunner.run(SuiteRunner.java:254)
	at org.testng.SuiteRunnerWorker.runSuite(SuiteRunnerWorker.java:52)
	at org.testng.SuiteRunnerWorker.run(SuiteRunnerWorker.java:86)
	at org.testng.TestNG.runSuitesSequentially(TestNG.java:1224)
	at org.testng.TestNG.runSuitesLocally(TestNG.java:1149)
	at org.testng.TestNG.run(TestNG.java:1057)
<<<<<<< HEAD
	at org.testng.remote.AbstractRemoteTestNG.run(AbstractRemoteTestNG.java:126)
	at org.testng.remote.RemoteTestNG.initAndRun(RemoteTestNG.java:152)
	at org.testng.remote.RemoteTestNG.main(RemoteTestNG.java:57)
Caused by: org.openqa.selenium.NoSuchElementException: Unable to locate element: {"method":"xpath","selector":"//a[@class='upgrade-btn trial']"}
For documentation on this error, please visit: http://seleniumhq.org/exceptions/no_such_element.html
Build info: version: '2.53.0', revision: '35ae25b1534ae328c771e0856c93e187490ca824', time: '2016-03-15 10:43:46'
System info: host: 'hms-PCdin', ip: '192.168.2.113', os.name: 'Windows 8.1', os.arch: 'x86', os.version: '6.3', java.version: '1.8.0_45'
Driver info: driver.version: unknown
	at <anonymous class>.FirefoxDriver.prototype.findElementInternal_(file:///C:/Users/din/AppData/Local/Temp/anonymous2265011971507310277webdriver-profile/extensions/fxdriver@googlecode.com/components/driver-component.js:10770)
	at <anonymous class>.fxdriver.Timer.prototype.setTimeout/<.notify(file:///C:/Users/din/AppData/Local/Temp/anonymous2265011971507310277webdriver-profile/extensions/fxdriver@googlecode.com/components/driver-component.js:625)
]]>
    </failure>
  </testcase> <!-- @BeforeMethod fn_Login -->
  <testcase name="@AfterMethod fn_Close" time="0.0" classname="com.hotelogix.languageSmoke.test.Frontdesk.FrontdeskTest_PT">
    <skipped/>
  </testcase> <!-- @AfterMethod fn_Close -->
  <testcase name="fn_Make2RoomAnd2NightReservation" time="0.001" classname="com.hotelogix.languageSmoke.test.Frontdesk.FrontdeskTest_PT">
    <skipped/>
  </testcase> <!-- fn_Make2RoomAnd2NightReservation -->
=======
	at org.testng.remote.AbstractRemoteTestNG.run(AbstractRemoteTestNG.java:132)
	at org.testng.remote.RemoteTestNG.initAndRun(RemoteTestNG.java:236)
	at org.testng.remote.RemoteTestNG.main(RemoteTestNG.java:81)
Caused by: org.openqa.selenium.NoSuchElementException: Unable to locate element: {"method":"xpath","selector":"//a[text()='Consola']"}
For documentation on this error, please visit: http://seleniumhq.org/exceptions/no_such_element.html
Build info: version: '2.53.0', revision: '35ae25b1534ae328c771e0856c93e187490ca824', time: '2016-03-15 10:43:46'
System info: host: 'hms-update4', ip: '192.168.2.115', os.name: 'Windows 7', os.arch: 'x86', os.version: '6.1', java.version: '1.8.0_65'
Driver info: driver.version: unknown
	at <anonymous class>.FirefoxDriver.prototype.findElementInternal_(file:///C:/Users/qa/AppData/Local/Temp/anonymous5219465850129706339webdriver-profile/extensions/fxdriver@googlecode.com/components/driver-component.js:10770)
	at <anonymous class>.fxdriver.Timer.prototype.setTimeout/<.notify(file:///C:/Users/qa/AppData/Local/Temp/anonymous5219465850129706339webdriver-profile/extensions/fxdriver@googlecode.com/components/driver-component.js:625)
]]>
    </failure>
  </testcase> <!-- fn_verifyAddAPackageWithInclusion -->
  <testcase name="fn_verifyPkgAttachmentToFrontdesk" time="47.266" classname="com.hotelogix.languageSmoke.test.Admin.AdminTest_PT"/>
>>>>>>> 50adc97ae60f17ffaaa8043c1044caf41d0dd6ba
</testsuite> <!-- Test -->
