<html>
<head>
<title>TestNG:  Test</title>
<link href="../testng.css" rel="stylesheet" type="text/css" />
<link href="../my-testng.css" rel="stylesheet" type="text/css" />

<style type="text/css">
.log { display: none;} 
.stack-trace { display: none;} 
</style>
<script type="text/javascript">
<!--
function flip(e) {
  current = e.style.display;
  if (current == 'block') {
    e.style.display = 'none';
    return 0;
  }
  else {
    e.style.display = 'block';
    return 1;
  }
}

function toggleBox(szDivId, elem, msg1, msg2)
{
  var res = -1;  if (document.getElementById) {
    res = flip(document.getElementById(szDivId));
  }
  else if (document.all) {
    // this is the way old msie versions work
    res = flip(document.all[szDivId]);
  }
  if(elem) {
    if(res == 0) elem.innerHTML = msg1; else elem.innerHTML = msg2;
  }

}

function toggleAllBoxes() {
  if (document.getElementsByTagName) {
    d = document.getElementsByTagName('div');
    for (i = 0; i < d.length; i++) {
      if (d[i].className == 'log') {
        flip(d[i]);
      }
    }
  }
}

// -->
</script>

</head>
<body>
<h2 align='center'>Test</h2><table border='1' align="center">
<tr>
<<<<<<< HEAD
<td>Tests passed/Failed/Skipped:</td><td>0/0/1</td>
</tr><tr>
<td>Started on:</td><td>Fri Sep 22 19:33:23 IST 2017</td>
</tr>
<tr><td>Total time:</td><td>77 seconds (77532 ms)</td>
=======
<td>Tests passed/Failed/Skipped:</td><td>7/1/0</td>
</tr><tr>
<td>Started on:</td><td>Thu Sep 21 10:30:36 IST 2017</td>
</tr>
<tr><td>Total time:</td><td>583 seconds (583446 ms)</td>
>>>>>>> 50adc97ae60f17ffaaa8043c1044caf41d0dd6ba
</tr><tr>
<td>Included groups:</td><td></td>
</tr><tr>
<td>Excluded groups:</td><td></td>
</tr>
</table><p/>
<small><i>(Hover the method name to see the test class name)</i></small><p/>
<table width='100%' border='1' class='invocation-failed'>
<<<<<<< HEAD
<tr><td colspan='4' align='center'><b>FAILED CONFIGURATIONS</b></td></tr>
=======
<tr><td colspan='4' align='center'><b>FAILED TESTS</b></td></tr>
>>>>>>> 50adc97ae60f17ffaaa8043c1044caf41d0dd6ba
<tr><td><b>Test method</b></td>
<td width="30%"><b>Exception</b></td>
<td width="10%"><b>Time (seconds)</b></td>
<td><b>Instance</b></td>
</tr>
<tr>
<<<<<<< HEAD
<td title='com.hotelogix.languageSmoke.test.Frontdesk.FrontdeskTest_PT.fn_Login()'><b>fn_Login</b><br>Test class: com.hotelogix.languageSmoke.test.Frontdesk.FrontdeskTest_PT</td>
<td><div><pre>org.openqa.selenium.NoSuchElementException: Unable to locate element: {&quot;method&quot;:&quot;xpath&quot;,&quot;selector&quot;:&quot;//a[@class=&apos;upgrade-btn trial&apos;]&quot;}
Command duration or timeout: 50.08 seconds
For documentation on this error, please visit: http://seleniumhq.org/exceptions/no_such_element.html
Build info: version: &apos;2.53.0&apos;, revision: &apos;35ae25b1534ae328c771e0856c93e187490ca824&apos;, time: &apos;2016-03-15 10:43:46&apos;
System info: host: &apos;hms-PCdin&apos;, ip: &apos;192.168.2.113&apos;, os.name: &apos;Windows 8.1&apos;, os.arch: &apos;x86&apos;, os.version: &apos;6.3&apos;, java.version: &apos;1.8.0_45&apos;
Driver info: org.openqa.selenium.firefox.FirefoxDriver
Capabilities [{applicationCacheEnabled=true, rotatable=false, handlesAlerts=true, databaseEnabled=true, version=45.0.1, platform=WINDOWS, nativeEvents=false, acceptSslCerts=true, webStorageEnabled=true, locationContextEnabled=true, browserName=firefox, takesScreenshot=true, javascriptEnabled=true, cssSelectorsEnabled=true}]
Session ID: 4c91b978-b18d-4911-a7f1-ac93dcc1a86f
*** Element info: {Using=xpath, value=//a[@class=&apos;upgrade-btn trial&apos;]}
=======
<td title='com.hotelogix.languageSmoke.test.Admin.AdminTest_PT.fn_verifyAddAPackageWithInclusion()'><b>fn_verifyAddAPackageWithInclusion</b><br>Test class: com.hotelogix.languageSmoke.test.Admin.AdminTest_PT<br>Test method: Creation of package in Package Master and attaching an Add-on to it.</td>
<td><div><pre>org.openqa.selenium.NoSuchElementException: Unable to locate element: {&quot;method&quot;:&quot;xpath&quot;,&quot;selector&quot;:&quot;//a[text()=&apos;Consola&apos;]&quot;}
Command duration or timeout: 50.03 seconds
For documentation on this error, please visit: http://seleniumhq.org/exceptions/no_such_element.html
Build info: version: &apos;2.53.0&apos;, revision: &apos;35ae25b1534ae328c771e0856c93e187490ca824&apos;, time: &apos;2016-03-15 10:43:46&apos;
System info: host: &apos;hms-update4&apos;, ip: &apos;192.168.2.115&apos;, os.name: &apos;Windows 7&apos;, os.arch: &apos;x86&apos;, os.version: &apos;6.1&apos;, java.version: &apos;1.8.0_65&apos;
Driver info: org.openqa.selenium.firefox.FirefoxDriver
Capabilities [{applicationCacheEnabled=true, rotatable=false, handlesAlerts=true, databaseEnabled=true, version=40.0.3, platform=WINDOWS, nativeEvents=false, acceptSslCerts=true, webStorageEnabled=true, locationContextEnabled=true, browserName=firefox, takesScreenshot=true, javascriptEnabled=true, cssSelectorsEnabled=true}]
Session ID: f3693efd-70fc-4b7a-8ffe-27e2f0ee619d
*** Element info: {Using=xpath, value=//a[text()=&apos;Consola&apos;]}
>>>>>>> 50adc97ae60f17ffaaa8043c1044caf41d0dd6ba
	at sun.reflect.NativeConstructorAccessorImpl.newInstance0(Native Method)
	at sun.reflect.NativeConstructorAccessorImpl.newInstance(Unknown Source)
	at sun.reflect.DelegatingConstructorAccessorImpl.newInstance(Unknown Source)
	at java.lang.reflect.Constructor.newInstance(Unknown Source)
	at org.openqa.selenium.remote.ErrorHandler.createThrowable(ErrorHandler.java:206)
	at org.openqa.selenium.remote.ErrorHandler.throwIfResponseFailed(ErrorHandler.java:158)
	at org.openqa.selenium.remote.RemoteWebDriver.execute(RemoteWebDriver.java:678)
	at org.openqa.selenium.remote.RemoteWebDriver.findElement(RemoteWebDriver.java:363)
	at org.openqa.selenium.remote.RemoteWebDriver.findElementByXPath(RemoteWebDriver.java:500)
	at org.openqa.selenium.By$ByXPath.findElement(By.java:361)
	at org.openqa.selenium.remote.RemoteWebDriver.findElement(RemoteWebDriver.java:355)
<<<<<<< HEAD
	at com.hotelogix.languageSmoke.admin.GenericClass.GenericMethods.getWebElement(GenericMethods.java:286)
	at com.hotelogix.languageSmoke.Frontdesk.ContinueTrialPage.fn_CountinueWithTrail(ContinueTrialPage.java:19)
	at com.hotelogix.languageSmoke.test.Frontdesk.FrontdeskTest_PT.fn_Login(FrontdeskTest_PT.java:65)
=======
	at com.hotelogix.languageSmoke.admin.GenericClass.GenericMethods.getWebElement(GenericMethods.java:276)
	at com.hotelogix.languageSmoke.PriceManager.CorporatePackages.ListOfRegisteredCorporates.fn_chkCorporate(ListOfRegisteredCorporates.java:16)
	at com.hotelogix.languageSmoke.test.Admin.AdminTest_PT.fn_verifyAddAPackageWithInclusion(AdminTest_PT.java:285)
>>>>>>> 50adc97ae60f17ffaaa8043c1044caf41d0dd6ba
	at sun.reflect.NativeMethodAccessorImpl.invoke0(Native Method)
	at sun.reflect.NativeMethodAccessorImpl.invoke(Unknown Source)
	at sun.reflect.DelegatingMethodAccessorImpl.invoke(Unknown Source)
	at java.lang.reflect.Method.invoke(Unknown Source)
	at org.testng.internal.MethodInvocationHelper.invokeMethod(MethodInvocationHelper.java:84)
<<<<<<< HEAD
	at org.testng.internal.Invoker.invokeConfigurationMethod(Invoker.java:564)
	at org.testng.internal.Invoker.invokeConfigurations(Invoker.java:213)
	at org.testng.internal.Invoker.invokeMethod(Invoker.java:653)
=======
	at org.testng.internal.Invoker.invokeMethod(Invoker.java:714)
>>>>>>> 50adc97ae60f17ffaaa8043c1044caf41d0dd6ba
	at org.testng.internal.Invoker.invokeTestMethod(Invoker.java:901)
	at org.testng.internal.Invoker.invokeTestMethods(Invoker.java:1231)
	at org.testng.internal.TestMethodWorker.invokeTestMethods(TestMethodWorker.java:127)
	at org.testng.internal.TestMethodWorker.run(TestMethodWorker.java:111)
	at org.testng.TestRunner.privateRun(TestRunner.java:767)
	at org.testng.TestRunner.run(TestRunner.java:617)
	at org.testng.SuiteRunner.runTest(SuiteRunner.java:348)
	at org.testng.SuiteRunner.runSequentially(SuiteRunner.java:343)
	at org.testng.SuiteRunner.privateRun(SuiteRunner.java:305)
	at org.testng.SuiteRunner.run(SuiteRunner.java:254)
	at org.testng.SuiteRunnerWorker.runSuite(SuiteRunnerWorker.java:52)
	at org.testng.SuiteRunnerWorker.run(SuiteRunnerWorker.java:86)
	at org.testng.TestNG.runSuitesSequentially(TestNG.java:1224)
	at org.testng.TestNG.runSuitesLocally(TestNG.java:1149)
	at org.testng.TestNG.run(TestNG.java:1057)
<<<<<<< HEAD
	at org.testng.remote.AbstractRemoteTestNG.run(AbstractRemoteTestNG.java:126)
	at org.testng.remote.RemoteTestNG.initAndRun(RemoteTestNG.java:152)
	at org.testng.remote.RemoteTestNG.main(RemoteTestNG.java:57)
Caused by: org.openqa.selenium.NoSuchElementException: Unable to locate element: {&quot;method&quot;:&quot;xpath&quot;,&quot;selector&quot;:&quot;//a[@class=&apos;upgrade-btn trial&apos;]&quot;}
For documentation on this error, please visit: http://seleniumhq.org/exceptions/no_such_element.html
Build info: version: &apos;2.53.0&apos;, revision: &apos;35ae25b1534ae328c771e0856c93e187490ca824&apos;, time: &apos;2016-03-15 10:43:46&apos;
System info: host: &apos;hms-PCdin&apos;, ip: &apos;192.168.2.113&apos;, os.name: &apos;Windows 8.1&apos;, os.arch: &apos;x86&apos;, os.version: &apos;6.3&apos;, java.version: &apos;1.8.0_45&apos;
Driver info: driver.version: unknown
	at &lt;anonymous class&gt;.FirefoxDriver.prototype.findElementInternal_(file:///C:/Users/din/AppData/Local/Temp/anonymous2265011971507310277webdriver-profile/extensions/fxdriver@googlecode.com/components/driver-component.js:10770)
	at &lt;anonymous class&gt;.fxdriver.Timer.prototype.setTimeout/&lt;.notify(file:///C:/Users/din/AppData/Local/Temp/anonymous2265011971507310277webdriver-profile/extensions/fxdriver@googlecode.com/components/driver-component.js:625)
</pre></div><a href='#' onClick='toggleBox("stack-trace24751236", this, "Click to show all stack frames", "Click to hide stack frames")'>Click to show all stack frames</a>
<div class='stack-trace' id='stack-trace24751236'><pre>org.openqa.selenium.NoSuchElementException: Unable to locate element: {&quot;method&quot;:&quot;xpath&quot;,&quot;selector&quot;:&quot;//a[@class=&apos;upgrade-btn trial&apos;]&quot;}
Command duration or timeout: 50.08 seconds
For documentation on this error, please visit: http://seleniumhq.org/exceptions/no_such_element.html
Build info: version: &apos;2.53.0&apos;, revision: &apos;35ae25b1534ae328c771e0856c93e187490ca824&apos;, time: &apos;2016-03-15 10:43:46&apos;
System info: host: &apos;hms-PCdin&apos;, ip: &apos;192.168.2.113&apos;, os.name: &apos;Windows 8.1&apos;, os.arch: &apos;x86&apos;, os.version: &apos;6.3&apos;, java.version: &apos;1.8.0_45&apos;
Driver info: org.openqa.selenium.firefox.FirefoxDriver
Capabilities [{applicationCacheEnabled=true, rotatable=false, handlesAlerts=true, databaseEnabled=true, version=45.0.1, platform=WINDOWS, nativeEvents=false, acceptSslCerts=true, webStorageEnabled=true, locationContextEnabled=true, browserName=firefox, takesScreenshot=true, javascriptEnabled=true, cssSelectorsEnabled=true}]
Session ID: 4c91b978-b18d-4911-a7f1-ac93dcc1a86f
*** Element info: {Using=xpath, value=//a[@class=&apos;upgrade-btn trial&apos;]}
=======
	at org.testng.remote.AbstractRemoteTestNG.run(AbstractRemoteTestNG.java:132)
	at org.testng.remote.RemoteTestNG.initAndRun(RemoteTestNG.java:236)
	at org.testng.remote.RemoteTestNG.main(RemoteTestNG.java:81)
Caused by: org.openqa.selenium.NoSuchElementException: Unable to locate element: {&quot;method&quot;:&quot;xpath&quot;,&quot;selector&quot;:&quot;//a[text()=&apos;Consola&apos;]&quot;}
For documentation on this error, please visit: http://seleniumhq.org/exceptions/no_such_element.html
Build info: version: &apos;2.53.0&apos;, revision: &apos;35ae25b1534ae328c771e0856c93e187490ca824&apos;, time: &apos;2016-03-15 10:43:46&apos;
System info: host: &apos;hms-update4&apos;, ip: &apos;192.168.2.115&apos;, os.name: &apos;Windows 7&apos;, os.arch: &apos;x86&apos;, os.version: &apos;6.1&apos;, java.version: &apos;1.8.0_65&apos;
Driver info: driver.version: unknown
	at &lt;anonymous class&gt;.FirefoxDriver.prototype.findElementInternal_(file:///C:/Users/qa/AppData/Local/Temp/anonymous5219465850129706339webdriver-profile/extensions/fxdriver@googlecode.com/components/driver-component.js:10770)
	at &lt;anonymous class&gt;.fxdriver.Timer.prototype.setTimeout/&lt;.notify(file:///C:/Users/qa/AppData/Local/Temp/anonymous5219465850129706339webdriver-profile/extensions/fxdriver@googlecode.com/components/driver-component.js:625)
</pre></div><a href='#' onClick='toggleBox("stack-trace25690103", this, "Click to show all stack frames", "Click to hide stack frames")'>Click to show all stack frames</a>
<div class='stack-trace' id='stack-trace25690103'><pre>org.openqa.selenium.NoSuchElementException: Unable to locate element: {&quot;method&quot;:&quot;xpath&quot;,&quot;selector&quot;:&quot;//a[text()=&apos;Consola&apos;]&quot;}
Command duration or timeout: 50.03 seconds
For documentation on this error, please visit: http://seleniumhq.org/exceptions/no_such_element.html
Build info: version: &apos;2.53.0&apos;, revision: &apos;35ae25b1534ae328c771e0856c93e187490ca824&apos;, time: &apos;2016-03-15 10:43:46&apos;
System info: host: &apos;hms-update4&apos;, ip: &apos;192.168.2.115&apos;, os.name: &apos;Windows 7&apos;, os.arch: &apos;x86&apos;, os.version: &apos;6.1&apos;, java.version: &apos;1.8.0_65&apos;
Driver info: org.openqa.selenium.firefox.FirefoxDriver
Capabilities [{applicationCacheEnabled=true, rotatable=false, handlesAlerts=true, databaseEnabled=true, version=40.0.3, platform=WINDOWS, nativeEvents=false, acceptSslCerts=true, webStorageEnabled=true, locationContextEnabled=true, browserName=firefox, takesScreenshot=true, javascriptEnabled=true, cssSelectorsEnabled=true}]
Session ID: f3693efd-70fc-4b7a-8ffe-27e2f0ee619d
*** Element info: {Using=xpath, value=//a[text()=&apos;Consola&apos;]}
>>>>>>> 50adc97ae60f17ffaaa8043c1044caf41d0dd6ba
	at sun.reflect.NativeConstructorAccessorImpl.newInstance0(Native Method)
	at sun.reflect.NativeConstructorAccessorImpl.newInstance(Unknown Source)
	at sun.reflect.DelegatingConstructorAccessorImpl.newInstance(Unknown Source)
	at java.lang.reflect.Constructor.newInstance(Unknown Source)
	at org.openqa.selenium.remote.ErrorHandler.createThrowable(ErrorHandler.java:206)
	at org.openqa.selenium.remote.ErrorHandler.throwIfResponseFailed(ErrorHandler.java:158)
	at org.openqa.selenium.remote.RemoteWebDriver.execute(RemoteWebDriver.java:678)
	at org.openqa.selenium.remote.RemoteWebDriver.findElement(RemoteWebDriver.java:363)
	at org.openqa.selenium.remote.RemoteWebDriver.findElementByXPath(RemoteWebDriver.java:500)
	at org.openqa.selenium.By$ByXPath.findElement(By.java:361)
	at org.openqa.selenium.remote.RemoteWebDriver.findElement(RemoteWebDriver.java:355)
<<<<<<< HEAD
	at com.hotelogix.languageSmoke.admin.GenericClass.GenericMethods.getWebElement(GenericMethods.java:286)
	at com.hotelogix.languageSmoke.Frontdesk.ContinueTrialPage.fn_CountinueWithTrail(ContinueTrialPage.java:19)
	at com.hotelogix.languageSmoke.test.Frontdesk.FrontdeskTest_PT.fn_Login(FrontdeskTest_PT.java:65)
=======
	at com.hotelogix.languageSmoke.admin.GenericClass.GenericMethods.getWebElement(GenericMethods.java:276)
	at com.hotelogix.languageSmoke.PriceManager.CorporatePackages.ListOfRegisteredCorporates.fn_chkCorporate(ListOfRegisteredCorporates.java:16)
	at com.hotelogix.languageSmoke.test.Admin.AdminTest_PT.fn_verifyAddAPackageWithInclusion(AdminTest_PT.java:285)
>>>>>>> 50adc97ae60f17ffaaa8043c1044caf41d0dd6ba
	at sun.reflect.NativeMethodAccessorImpl.invoke0(Native Method)
	at sun.reflect.NativeMethodAccessorImpl.invoke(Unknown Source)
	at sun.reflect.DelegatingMethodAccessorImpl.invoke(Unknown Source)
	at java.lang.reflect.Method.invoke(Unknown Source)
	at org.testng.internal.MethodInvocationHelper.invokeMethod(MethodInvocationHelper.java:84)
<<<<<<< HEAD
	at org.testng.internal.Invoker.invokeConfigurationMethod(Invoker.java:564)
	at org.testng.internal.Invoker.invokeConfigurations(Invoker.java:213)
	at org.testng.internal.Invoker.invokeMethod(Invoker.java:653)
=======
	at org.testng.internal.Invoker.invokeMethod(Invoker.java:714)
>>>>>>> 50adc97ae60f17ffaaa8043c1044caf41d0dd6ba
	at org.testng.internal.Invoker.invokeTestMethod(Invoker.java:901)
	at org.testng.internal.Invoker.invokeTestMethods(Invoker.java:1231)
	at org.testng.internal.TestMethodWorker.invokeTestMethods(TestMethodWorker.java:127)
	at org.testng.internal.TestMethodWorker.run(TestMethodWorker.java:111)
	at org.testng.TestRunner.privateRun(TestRunner.java:767)
	at org.testng.TestRunner.run(TestRunner.java:617)
	at org.testng.SuiteRunner.runTest(SuiteRunner.java:348)
	at org.testng.SuiteRunner.runSequentially(SuiteRunner.java:343)
	at org.testng.SuiteRunner.privateRun(SuiteRunner.java:305)
	at org.testng.SuiteRunner.run(SuiteRunner.java:254)
	at org.testng.SuiteRunnerWorker.runSuite(SuiteRunnerWorker.java:52)
	at org.testng.SuiteRunnerWorker.run(SuiteRunnerWorker.java:86)
	at org.testng.TestNG.runSuitesSequentially(TestNG.java:1224)
	at org.testng.TestNG.runSuitesLocally(TestNG.java:1149)
	at org.testng.TestNG.run(TestNG.java:1057)
<<<<<<< HEAD
	at org.testng.remote.AbstractRemoteTestNG.run(AbstractRemoteTestNG.java:126)
	at org.testng.remote.RemoteTestNG.initAndRun(RemoteTestNG.java:152)
	at org.testng.remote.RemoteTestNG.main(RemoteTestNG.java:57)
Caused by: org.openqa.selenium.NoSuchElementException: Unable to locate element: {&quot;method&quot;:&quot;xpath&quot;,&quot;selector&quot;:&quot;//a[@class=&apos;upgrade-btn trial&apos;]&quot;}
For documentation on this error, please visit: http://seleniumhq.org/exceptions/no_such_element.html
Build info: version: &apos;2.53.0&apos;, revision: &apos;35ae25b1534ae328c771e0856c93e187490ca824&apos;, time: &apos;2016-03-15 10:43:46&apos;
System info: host: &apos;hms-PCdin&apos;, ip: &apos;192.168.2.113&apos;, os.name: &apos;Windows 8.1&apos;, os.arch: &apos;x86&apos;, os.version: &apos;6.3&apos;, java.version: &apos;1.8.0_45&apos;
Driver info: driver.version: unknown
	at &lt;anonymous class&gt;.FirefoxDriver.prototype.findElementInternal_(file:///C:/Users/din/AppData/Local/Temp/anonymous2265011971507310277webdriver-profile/extensions/fxdriver@googlecode.com/components/driver-component.js:10770)
	at &lt;anonymous class&gt;.fxdriver.Timer.prototype.setTimeout/&lt;.notify(file:///C:/Users/din/AppData/Local/Temp/anonymous2265011971507310277webdriver-profile/extensions/fxdriver@googlecode.com/components/driver-component.js:625)
</pre></div></td>
<td>0</td>
<td>com.hotelogix.languageSmoke.test.Frontdesk.FrontdeskTest_PT@38203</td></tr>
</table><p>
<table width='100%' border='1' class='invocation-skipped'>
<tr><td colspan='4' align='center'><b>SKIPPED CONFIGURATIONS</b></td></tr>
<tr><td><b>Test method</b></td>
<td width="30%"><b>Exception</b></td>
<td width="10%"><b>Time (seconds)</b></td>
<td><b>Instance</b></td>
</tr>
=======
	at org.testng.remote.AbstractRemoteTestNG.run(AbstractRemoteTestNG.java:132)
	at org.testng.remote.RemoteTestNG.initAndRun(RemoteTestNG.java:236)
	at org.testng.remote.RemoteTestNG.main(RemoteTestNG.java:81)
Caused by: org.openqa.selenium.NoSuchElementException: Unable to locate element: {&quot;method&quot;:&quot;xpath&quot;,&quot;selector&quot;:&quot;//a[text()=&apos;Consola&apos;]&quot;}
For documentation on this error, please visit: http://seleniumhq.org/exceptions/no_such_element.html
Build info: version: &apos;2.53.0&apos;, revision: &apos;35ae25b1534ae328c771e0856c93e187490ca824&apos;, time: &apos;2016-03-15 10:43:46&apos;
System info: host: &apos;hms-update4&apos;, ip: &apos;192.168.2.115&apos;, os.name: &apos;Windows 7&apos;, os.arch: &apos;x86&apos;, os.version: &apos;6.1&apos;, java.version: &apos;1.8.0_65&apos;
Driver info: driver.version: unknown
	at &lt;anonymous class&gt;.FirefoxDriver.prototype.findElementInternal_(file:///C:/Users/qa/AppData/Local/Temp/anonymous5219465850129706339webdriver-profile/extensions/fxdriver@googlecode.com/components/driver-component.js:10770)
	at &lt;anonymous class&gt;.fxdriver.Timer.prototype.setTimeout/&lt;.notify(file:///C:/Users/qa/AppData/Local/Temp/anonymous5219465850129706339webdriver-profile/extensions/fxdriver@googlecode.com/components/driver-component.js:625)
</pre></div></td>
<td>120</td>
<td>com.hotelogix.languageSmoke.test.Admin.AdminTest_PT@1aeed2f</td></tr>
</table><p>
<table width='100%' border='1' class='invocation-passed'>
<tr><td colspan='4' align='center'><b>PASSED TESTS</b></td></tr>
<tr><td><b>Test method</b></td>
<td width="30%"><b>Exception</b></td>
<td width="10%"><b>Time (seconds)</b></td>
<td><b>Instance</b></td>
</tr>
<tr>
<td title='com.hotelogix.languageSmoke.test.Admin.AdminTest_PT.fn_verifyAdditionOfAddOns()'><b>fn_verifyAdditionOfAddOns</b><br>Test class: com.hotelogix.languageSmoke.test.Admin.AdminTest_PT<br>Test method: Creation of ADD-ONS(INCLUSIONS).It gets reflected in 'Add/Edit Package' page.</td>
<td></td>
<td>41</td>
<td>com.hotelogix.languageSmoke.test.Admin.AdminTest_PT@1aeed2f</td></tr>
<tr>
<td title='com.hotelogix.languageSmoke.test.Admin.AdminTest_PT.fn_verifyAdditionOfAmenity()'><b>fn_verifyAdditionOfAmenity</b><br>Test class: com.hotelogix.languageSmoke.test.Admin.AdminTest_PT<br>Test method: Added amenity gets displayed on 'Amenities List' page and is also displayed on 'Add a Room Type' page under 'Select Amenities' >> 'Available Amenities'</td>
<td></td>
<td>17</td>
<td>com.hotelogix.languageSmoke.test.Admin.AdminTest_PT@1aeed2f</td></tr>
<tr>
<td title='com.hotelogix.languageSmoke.test.Admin.AdminTest_PT.fn_verifyAdditionOfRoom()'><b>fn_verifyAdditionOfRoom</b><br>Test class: com.hotelogix.languageSmoke.test.Admin.AdminTest_PT<br>Test method: Added Room is displayed on 'Rooms List' page with status as active(green tick)</td>
<td></td>
<td>12</td>
<td>com.hotelogix.languageSmoke.test.Admin.AdminTest_PT@1aeed2f</td></tr>
<tr>
<td title='com.hotelogix.languageSmoke.test.Admin.AdminTest_PT.fn_verifyAdmineConsoleSuccessfulLogin()'><b>fn_verifyAdmineConsoleSuccessfulLogin</b><br>Test class: com.hotelogix.languageSmoke.test.Admin.AdminTest_PT<br>Test method: User gets redirected to homepage of Admine Console after login.</td>
<td></td>
<td>0</td>
<td>com.hotelogix.languageSmoke.test.Admin.AdminTest_PT@1aeed2f</td></tr>
<tr>
<td title='com.hotelogix.languageSmoke.test.Admin.AdminTest_PT.fn_verifyPkgAttachmentToFrontdesk()'><b>fn_verifyPkgAttachmentToFrontdesk</b><br>Test class: com.hotelogix.languageSmoke.test.Admin.AdminTest_PT<br>Test method: Attaching  master package to Frontdesk Packages.This attached package is then configured and activated forever.</td>
<td></td>
<td>47</td>
<td>com.hotelogix.languageSmoke.test.Admin.AdminTest_PT@1aeed2f</td></tr>
>>>>>>> 50adc97ae60f17ffaaa8043c1044caf41d0dd6ba
<tr>
<td title='com.hotelogix.languageSmoke.test.Frontdesk.FrontdeskTest_PT.fn_Close()'><b>fn_Close</b><br>Test class: com.hotelogix.languageSmoke.test.Frontdesk.FrontdeskTest_PT</td>
<td></td>
<<<<<<< HEAD
<td>0</td>
<td>com.hotelogix.languageSmoke.test.Frontdesk.FrontdeskTest_PT@38203</td></tr>
</table><p>
<table width='100%' border='1' class='invocation-skipped'>
<tr><td colspan='4' align='center'><b>SKIPPED TESTS</b></td></tr>
<tr><td><b>Test method</b></td>
<td width="30%"><b>Exception</b></td>
<td width="10%"><b>Time (seconds)</b></td>
<td><b>Instance</b></td>
</tr>
=======
<td>46</td>
<td>com.hotelogix.languageSmoke.test.Admin.AdminTest_PT@1aeed2f</td></tr>
>>>>>>> 50adc97ae60f17ffaaa8043c1044caf41d0dd6ba
<tr>
<td title='com.hotelogix.languageSmoke.test.Frontdesk.FrontdeskTest_PT.fn_Make2RoomAnd2NightReservation()'><b>fn_Make2RoomAnd2NightReservation</b><br>Test class: com.hotelogix.languageSmoke.test.Frontdesk.FrontdeskTest_PT<br>Test method: Make 2Night and 2 Room reservation using Seasonal Rate.</td>
<td></td>
<td>0</td>
<td>com.hotelogix.languageSmoke.test.Frontdesk.FrontdeskTest_PT@38203</td></tr>
</table><p>
</body>
</html>