<?xml version="1.0" encoding="UTF-8"?>
<!-- Generated by org.testng.reporters.JUnitReportReporter -->
<<<<<<< HEAD
<testsuite hostname="hms-update4" name="com.hotelogix.languageSmoke.test.Admin.AdminTest_PT" tests="1" failures="0" timestamp="17 Aug 2017 12:44:07 GMT" time="40.325" errors="1">
  <testcase name="fn_verifyAddAPackageWithInclusion" time="40.325" classname="com.hotelogix.languageSmoke.test.Admin.AdminTest_PT">
    <error type="java.lang.AssertionError" message="expected [true] but found [false]">
      <![CDATA[java.lang.AssertionError: expected [true] but found [false]
	at org.testng.Assert.fail(Assert.java:94)
	at org.testng.Assert.failNotEquals(Assert.java:494)
	at org.testng.Assert.assertEquals(Assert.java:123)
	at org.testng.Assert.assertEquals(Assert.java:286)
	at org.testng.Assert.assertEquals(Assert.java:296)
	at com.hotelogix.languageSmoke.admin.GenericClass.VerifyUtils.fn_AssertContainsInArray(VerifyUtils.java:42)
	at com.hotelogix.languageSmoke.test.Admin.AdminTest_PT.fn_verifyAddAPackageWithInclusion(AdminTest_PT.java:244)
=======
<<<<<<< HEAD
<testsuite hostname="hms-PCdin" name="com.hotelogix.languageSmoke.test.Admin.AdminTest_PT" tests="1" failures="1" timestamp="9 Aug 2017 07:17:50 GMT" time="0.002" errors="0">
  <testcase name="fn_verifyAdditionOfAmenity" time="0.002" classname="com.hotelogix.languageSmoke.test.Admin.AdminTest_PT">
    <failure type="org.openqa.selenium.TimeoutException" message="Timed out waiting for page load.
Command duration or timeout: 50.03 seconds
Build info: version: &#039;2.53.0&#039;, revision: &#039;35ae25b1534ae328c771e0856c93e187490ca824&#039;, time: &#039;2016-03-15 10:43:46&#039;
System info: host: &#039;hms-PCdin&#039;, ip: &#039;192.168.2.113&#039;, os.name: &#039;Windows 8.1&#039;, os.arch: &#039;x86&#039;, os.version: &#039;6.3&#039;, java.version: &#039;1.8.0_45&#039;
Driver info: org.openqa.selenium.firefox.FirefoxDriver
Capabilities [{applicationCacheEnabled=true, rotatable=false, handlesAlerts=true, databaseEnabled=true, version=45.0.1, platform=WINDOWS, nativeEvents=false, acceptSslCerts=true, webStorageEnabled=true, locationContextEnabled=true, browserName=firefox, takesScreenshot=true, javascriptEnabled=true, cssSelectorsEnabled=true}]
Session ID: cec03f6c-3306-49cf-9d73-70552b1445e0">
      <![CDATA[org.openqa.selenium.TimeoutException: Timed out waiting for page load.
Command duration or timeout: 50.03 seconds
Build info: version: '2.53.0', revision: '35ae25b1534ae328c771e0856c93e187490ca824', time: '2016-03-15 10:43:46'
System info: host: 'hms-PCdin', ip: '192.168.2.113', os.name: 'Windows 8.1', os.arch: 'x86', os.version: '6.3', java.version: '1.8.0_45'
Driver info: org.openqa.selenium.firefox.FirefoxDriver
Capabilities [{applicationCacheEnabled=true, rotatable=false, handlesAlerts=true, databaseEnabled=true, version=45.0.1, platform=WINDOWS, nativeEvents=false, acceptSslCerts=true, webStorageEnabled=true, locationContextEnabled=true, browserName=firefox, takesScreenshot=true, javascriptEnabled=true, cssSelectorsEnabled=true}]
Session ID: cec03f6c-3306-49cf-9d73-70552b1445e0
	at sun.reflect.NativeConstructorAccessorImpl.newInstance0(Native Method)
	at sun.reflect.NativeConstructorAccessorImpl.newInstance(Unknown Source)
	at sun.reflect.DelegatingConstructorAccessorImpl.newInstance(Unknown Source)
	at java.lang.reflect.Constructor.newInstance(Unknown Source)
	at org.openqa.selenium.remote.ErrorHandler.createThrowable(ErrorHandler.java:206)
	at org.openqa.selenium.remote.ErrorHandler.throwIfResponseFailed(ErrorHandler.java:158)
	at org.openqa.selenium.remote.RemoteWebDriver.execute(RemoteWebDriver.java:678)
	at org.openqa.selenium.remote.RemoteWebDriver.get(RemoteWebDriver.java:316)
	at com.hotelogix.languageSmoke.admin.GenericClass.GenericMethods.fn_LaunchBrowser(GenericMethods.java:82)
	at com.hotelogix.languageSmoke.test.Admin.AdminTest_PT.Login(AdminTest_PT.java:40)
>>>>>>> c285424c1694e69bc0865850d65dcb44759eadcd
	at sun.reflect.NativeMethodAccessorImpl.invoke0(Native Method)
	at sun.reflect.NativeMethodAccessorImpl.invoke(Unknown Source)
	at sun.reflect.DelegatingMethodAccessorImpl.invoke(Unknown Source)
	at java.lang.reflect.Method.invoke(Unknown Source)
	at org.testng.internal.MethodInvocationHelper.invokeMethod(MethodInvocationHelper.java:84)
<<<<<<< HEAD
	at org.testng.internal.Invoker.invokeMethod(Invoker.java:714)
=======
	at org.testng.internal.Invoker.invokeConfigurationMethod(Invoker.java:564)
	at org.testng.internal.Invoker.invokeConfigurations(Invoker.java:213)
	at org.testng.internal.Invoker.invokeMethod(Invoker.java:653)
>>>>>>> c285424c1694e69bc0865850d65dcb44759eadcd
	at org.testng.internal.Invoker.invokeTestMethod(Invoker.java:901)
	at org.testng.internal.Invoker.invokeTestMethods(Invoker.java:1231)
	at org.testng.internal.TestMethodWorker.invokeTestMethods(TestMethodWorker.java:127)
	at org.testng.internal.TestMethodWorker.run(TestMethodWorker.java:111)
	at org.testng.TestRunner.privateRun(TestRunner.java:767)
	at org.testng.TestRunner.run(TestRunner.java:617)
	at org.testng.SuiteRunner.runTest(SuiteRunner.java:348)
	at org.testng.SuiteRunner.runSequentially(SuiteRunner.java:343)
	at org.testng.SuiteRunner.privateRun(SuiteRunner.java:305)
	at org.testng.SuiteRunner.run(SuiteRunner.java:254)
	at org.testng.SuiteRunnerWorker.runSuite(SuiteRunnerWorker.java:52)
	at org.testng.SuiteRunnerWorker.run(SuiteRunnerWorker.java:86)
	at org.testng.TestNG.runSuitesSequentially(TestNG.java:1224)
	at org.testng.TestNG.runSuitesLocally(TestNG.java:1149)
	at org.testng.TestNG.run(TestNG.java:1057)
<<<<<<< HEAD
	at org.testng.remote.AbstractRemoteTestNG.run(AbstractRemoteTestNG.java:132)
	at org.testng.remote.RemoteTestNG.initAndRun(RemoteTestNG.java:236)
	at org.testng.remote.RemoteTestNG.main(RemoteTestNG.java:81)
]]>
    </error>
  </testcase> <!-- fn_verifyAddAPackageWithInclusion -->
=======
	at org.testng.remote.AbstractRemoteTestNG.run(AbstractRemoteTestNG.java:126)
	at org.testng.remote.RemoteTestNG.initAndRun(RemoteTestNG.java:152)
	at org.testng.remote.RemoteTestNG.main(RemoteTestNG.java:57)
Caused by: org.openqa.selenium.TimeoutException: Timed out waiting for page load.
Build info: version: '2.53.0', revision: '35ae25b1534ae328c771e0856c93e187490ca824', time: '2016-03-15 10:43:46'
System info: host: 'hms-PCdin', ip: '192.168.2.113', os.name: 'Windows 8.1', os.arch: 'x86', os.version: '6.3', java.version: '1.8.0_45'
Driver info: driver.version: unknown
	at <anonymous class>.Utils.initWebLoadingListener/<(file:///C:/Users/din/AppData/Local/Temp/anonymous3171304925828110550webdriver-profile/extensions/fxdriver@googlecode.com/components/driver-component.js:9071)
	at <anonymous class>.WebLoadingListener/e(file:///C:/Users/din/AppData/Local/Temp/anonymous3171304925828110550webdriver-profile/extensions/fxdriver@googlecode.com/components/driver-component.js:5142)
	at <anonymous class>.WebLoadingListener/<(file:///C:/Users/din/AppData/Local/Temp/anonymous3171304925828110550webdriver-profile/extensions/fxdriver@googlecode.com/components/driver-component.js:5150)
	at <anonymous class>.fxdriver.Timer.prototype.setTimeout/<.notify(file:///C:/Users/din/AppData/Local/Temp/anonymous3171304925828110550webdriver-profile/extensions/fxdriver@googlecode.com/components/driver-component.js:625)
]]>
    </failure>
  </testcase> <!-- fn_verifyAdditionOfAmenity -->
=======
<testsuite hostname="hms-update4" name="com.hotelogix.languageSmoke.test.Admin.AdminTest_PT" tests="3" failures="0" timestamp="9 Aug 2017 09:51:41 GMT" time="90.810" errors="0">
  <testcase name="fn_verifyAdditionOfAmenity" time="38.250" classname="com.hotelogix.languageSmoke.test.Admin.AdminTest_PT"/>
  <testcase name="fn_verifyAdditionOfRoom" time="35.863" classname="com.hotelogix.languageSmoke.test.Admin.AdminTest_PT"/>
  <testcase name="fn_verifyAdmineConsoleSuccessfulLogin" time="16.697" classname="com.hotelogix.languageSmoke.test.Admin.AdminTest_PT"/>
>>>>>>> f4740c1d2d0946af67dd56e0d9c8e4aa4afaf2c8
>>>>>>> c285424c1694e69bc0865850d65dcb44759eadcd
</testsuite> <!-- com.hotelogix.languageSmoke.test.Admin.AdminTest_PT -->
